<?xml version="1.0" encoding="UTF-8"?>
<!-- Generated by org.testng.reporters.JUnitReportReporter -->
<testsuite hostname="VIJAY_DATASERVICES" failures="0" tests="2" name="com.Sample.test" time="7.238" errors="0" timestamp="2023-01-12T18:45:14 IST" skipped="0">
  <testcase classname="com.Sample.test" name="browser_Launch" time="5.270"/>
  <system-out/>
  <testcase classname="com.Sample.test" name="get_Element" time="1.968"/>
  <system-out/>
</testsuite> <!-- com.Sample.test -->
